2026-07-14 00:18:14 ERROR Database connection failed
2026-07-14 00:18:17 INFO Dashboard opened
2026-07-14 00:18:21 WARNING Memory usage increasing
2026-07-14 00:18:27 INFO Request completed
2026-07-14 00:18:34 WARNING High response time detected
2026-07-14 00:18:39 ERROR Database connection failed
2026-07-14 00:18:46 WARNING Memory usage increasing
2026-07-14 00:18:49 INFO Request completed
2026-07-14 00:18:57 INFO Dashboard opened
2026-07-14 00:19:05 ERROR Database connection failed
2026-07-14 00:19:10 INFO Dashboard opened
2026-07-14 00:19:46 ERROR Request timeout
2026-07-14 00:19:49 ERROR Request timeout
2026-07-14 00:21:01 ERROR Request timeout
2026-07-14 00:21:05 INFO Dashboard opened
2026-07-14 00:21:08 INFO Dashboard opened
2026-07-14 00:21:14 INFO Request completed
2026-07-14 00:21:21 INFO Request completed
2026-07-14 00:21:24 ERROR Database connection failed
2026-07-14 00:21:32 WARNING Memory usage increasing
2026-07-14 00:21:40 INFO Request completed
2026-07-14 00:21:48 INFO User logged in
2026-07-14 00:21:52 INFO User logged in
2026-07-14 00:22:00 INFO Request completed
2026-07-14 00:22:06 WARNING High response time detected
2026-07-14 00:22:09 WARNING High response time detected
2026-07-14 00:22:13 ERROR Request timeout
2026-07-14 00:22:17 WARNING High response time detected
2026-07-14 00:22:22 ERROR Database connection failed
2026-07-14 00:22:25 WARNING Memory usage increasing
2026-07-14 00:22:33 WARNING High response time detected
2026-07-14 00:22:41 INFO Request completed
2026-07-14 00:22:44 ERROR Database connection failed
2026-07-14 00:22:48 ERROR Database connection failed
2026-07-14 00:22:54 WARNING High response time detected
2026-07-14 00:22:58 WARNING High response time detected
2026-07-14 00:23:05 ERROR Request timeout
2026-07-14 00:23:09 INFO User logged in
2026-07-14 00:23:14 INFO User logged in
2026-07-14 00:23:22 WARNING Memory usage increasing
2026-07-14 00:23:25 WARNING Memory usage increasing
2026-07-14 00:23:29 WARNING Memory usage increasing
2026-07-14 00:23:32 ERROR Database connection failed
2026-07-14 00:23:35 WARNING Memory usage increasing
